<?xml version="1.0" encoding="UTF-8"?>
<testng-results ignored="0" total="1" passed="1" failed="0" skipped="0">
  <reporter-output>
  </reporter-output>
  <suite started-at="2024-04-29T12:00:56 IST" name="Default suite" finished-at="2024-04-29T12:01:03 IST" duration-ms="7366">
    <groups>
    </groups>
    <test started-at="2024-04-29T12:00:56 IST" name="Default test" finished-at="2024-04-29T12:01:03 IST" duration-ms="7366">
      <class name="testpkg.SaucedemoTestpkg">
        <test-method is-config="true" signature="setUp()[pri:0, instance:testpkg.SaucedemoTestpkg@5ab956d7]" started-at="2024-04-29T12:00:56 IST" name="setUp" finished-at="2024-04-29T12:00:59 IST" duration-ms="3387" status="PASS">
          <reporter-output>
          </reporter-output>
        </test-method> <!-- setUp -->
        <test-method signature="test()[pri:0, instance:testpkg.SaucedemoTestpkg@5ab956d7]" started-at="2024-04-29T12:00:59 IST" name="test" finished-at="2024-04-29T12:01:03 IST" duration-ms="3918" status="PASS">
          <reporter-output>
          </reporter-output>
        </test-method> <!-- test -->
      </class> <!-- testpkg.SaucedemoTestpkg -->
    </test> <!-- Default test -->
  </suite> <!-- Default suite -->
</testng-results>
